<?xml version="1.0" encoding="UTF-8"?>
<coverage generated="1539445740786" clover="3.2.0">
  <project timestamp="1539445740786" name="All files">
    <metrics statements="11" coveredstatements="9" conditionals="12" coveredconditionals="12" methods="7" coveredmethods="6" elements="30" coveredelements="27" complexity="0" loc="11" ncloc="11" packages="1" files="3" classes="3">
      <file name="index.js" path="D:\JSLessons\lesson-testing\src\index.js">
        <metrics statements="0" coveredstatements="0" conditionals="0" coveredconditionals="0" methods="0" coveredmethods="0"/>
      </file>
      <file name="math.js" path="D:\JSLessons\lesson-testing\src\math.js">
        <metrics statements="2" coveredstatements="0" conditionals="0" coveredconditionals="0" methods="1" coveredmethods="0"/>
        <line num="1" count="0" type="stmt"/>
        <line num="2" count="0" type="stmt"/>
      </file>
      <file name="password.js" path="D:\JSLessons\lesson-testing\src\password.js">
        <metrics statements="9" coveredstatements="9" conditionals="12" coveredconditionals="12" methods="6" coveredmethods="6"/>
        <line num="1" count="2" type="stmt"/>
        <line num="16" count="2" type="stmt"/>
        <line num="22" count="2" type="stmt"/>
        <line num="28" count="2" type="stmt"/>
        <line num="34" count="2" type="stmt"/>
        <line num="40" count="5" type="cond" truecount="10" falsecount="0"/>
        <line num="41" count="3" type="stmt"/>
        <line num="42" count="3" type="cond" truecount="2" falsecount="0"/>
        <line num="43" count="2" type="stmt"/>
      </file>
    </metrics>
  </project>
</coverage>
