{"D:\\JSLessons\\lesson-testing\\src\\index.js": {"path":"D:\\JSLessons\\lesson-testing\\src\\index.js","statementMap":{},"fnMap":{},"branchMap":{},"s":{},"f":{},"b":{}}
,"D:\\JSLessons\\lesson-testing\\src\\math.js": {"path":"D:\\JSLessons\\lesson-testing\\src\\math.js","statementMap":{"0":{"start":{"line":1,"column":13},"end":{"line":1,"column":75}},"1":{"start":{"line":1,"column":75},"end":{"line":1,"column":93}},"2":{"start":{"line":2,"column":1},"end":{"line":2,"column":26}}},"fnMap":{"0":{"name":"add","decl":{"start":{"line":1,"column":102},"end":{"line":1,"column":105}},"loc":{"start":{"line":1,"column":124},"end":{"line":3,"column":1}},"line":1}},"branchMap":{},"s":{"0":0,"1":0,"2":0},"f":{"0":0},"b":{}}
,"D:\\JSLessons\\lesson-testing\\src\\password.js": {"path":"D:\\JSLessons\\lesson-testing\\src\\password.js","statementMap":{"0":{"start":{"line":1,"column":13},"end":{"line":1,"column":75}},"1":{"start":{"line":1,"column":75},"end":{"line":1,"column":117}},"2":{"start":{"line":1,"column":117},"end":{"line":16,"column":42}},"3":{"start":{"line":16,"column":42},"end":{"line":22,"column":46}},"4":{"start":{"line":22,"column":46},"end":{"line":28,"column":44}},"5":{"start":{"line":28,"column":44},"end":{"line":34,"column":34}},"6":{"start":{"line":34,"column":34},"end":{"line":40,"column":48}},"7":{"start":{"line":40,"column":97},"end":{"line":40,"column":212}},"8":{"start":{"line":40,"column":213},"end":{"line":40,"column":268}},"9":{"start":{"line":40,"column":238},"end":{"line":40,"column":250}},"10":{"start":{"line":40,"column":255},"end":{"line":40,"column":268}},"11":{"start":{"line":40,"column":326},"end":{"line":40,"column":338}},"12":{"start":{"line":40,"column":339},"end":{"line":40,"column":404}},"13":{"start":{"line":40,"column":370},"end":{"line":40,"column":386}},"14":{"start":{"line":40,"column":391},"end":{"line":40,"column":404}},"15":{"start":{"line":40,"column":473},"end":{"line":40,"column":480}},"16":{"start":{"line":40,"column":481},"end":{"line":40,"column":555}},"17":{"start":{"line":40,"column":521},"end":{"line":40,"column":537}},"18":{"start":{"line":40,"column":542},"end":{"line":40,"column":555}},"19":{"start":{"line":40,"column":622},"end":{"line":40,"column":629}},"20":{"start":{"line":40,"column":630},"end":{"line":40,"column":703}},"21":{"start":{"line":40,"column":669},"end":{"line":40,"column":685}},"22":{"start":{"line":40,"column":690},"end":{"line":40,"column":703}},"23":{"start":{"line":40,"column":760},"end":{"line":40,"column":764}},"24":{"start":{"line":40,"column":765},"end":{"line":40,"column":833}},"25":{"start":{"line":40,"column":799},"end":{"line":40,"column":815}},"26":{"start":{"line":40,"column":820},"end":{"line":40,"column":833}},"27":{"start":{"line":41,"column":28},"end":{"line":41,"column":47}},"28":{"start":{"line":42,"column":1},"end":{"line":43,"column":14}},"29":{"start":{"line":42,"column":42},"end":{"line":42,"column":58}},"30":{"start":{"line":43,"column":1},"end":{"line":43,"column":14}}},"fnMap":{"0":{"name":"isValidPassword","decl":{"start":{"line":40,"column":57},"end":{"line":40,"column":72}},"loc":{"start":{"line":40,"column":83},"end":{"line":40,"column":269}},"line":40},"1":{"name":"isMoreThan10Symbols","decl":{"start":{"line":40,"column":278},"end":{"line":40,"column":297}},"loc":{"start":{"line":40,"column":308},"end":{"line":40,"column":405}},"line":40},"2":{"name":"isIncludeHighRegister","decl":{"start":{"line":40,"column":414},"end":{"line":40,"column":435}},"loc":{"start":{"line":40,"column":446},"end":{"line":40,"column":556}},"line":40},"3":{"name":"isIncludeLowRegister","decl":{"start":{"line":40,"column":565},"end":{"line":40,"column":585}},"loc":{"start":{"line":40,"column":596},"end":{"line":40,"column":704}},"line":40},"4":{"name":"isIncludeNumber","decl":{"start":{"line":40,"column":713},"end":{"line":40,"column":728}},"loc":{"start":{"line":40,"column":739},"end":{"line":40,"column":834}},"line":40},"5":{"name":"isIncludeSpecialNumber","decl":{"start":{"line":40,"column":843},"end":{"line":40,"column":865}},"loc":{"start":{"line":40,"column":876},"end":{"line":44,"column":1}},"line":40}},"branchMap":{"0":{"loc":{"start":{"line":40,"column":213},"end":{"line":40,"column":268}},"type":"if","locations":[{"start":{"line":40,"column":213},"end":{"line":40,"column":268}},{"start":{"line":40,"column":213},"end":{"line":40,"column":268}}],"line":40},"1":{"loc":{"start":{"line":40,"column":339},"end":{"line":40,"column":404}},"type":"if","locations":[{"start":{"line":40,"column":339},"end":{"line":40,"column":404}},{"start":{"line":40,"column":339},"end":{"line":40,"column":404}}],"line":40},"2":{"loc":{"start":{"line":40,"column":481},"end":{"line":40,"column":555}},"type":"if","locations":[{"start":{"line":40,"column":481},"end":{"line":40,"column":555}},{"start":{"line":40,"column":481},"end":{"line":40,"column":555}}],"line":40},"3":{"loc":{"start":{"line":40,"column":630},"end":{"line":40,"column":703}},"type":"if","locations":[{"start":{"line":40,"column":630},"end":{"line":40,"column":703}},{"start":{"line":40,"column":630},"end":{"line":40,"column":703}}],"line":40},"4":{"loc":{"start":{"line":40,"column":765},"end":{"line":40,"column":833}},"type":"if","locations":[{"start":{"line":40,"column":765},"end":{"line":40,"column":833}},{"start":{"line":40,"column":765},"end":{"line":40,"column":833}}],"line":40},"5":{"loc":{"start":{"line":42,"column":1},"end":{"line":43,"column":14}},"type":"if","locations":[{"start":{"line":42,"column":1},"end":{"line":43,"column":14}},{"start":{"line":42,"column":1},"end":{"line":43,"column":14}}],"line":42}},"s":{"0":2,"1":2,"2":2,"3":2,"4":2,"5":2,"6":2,"7":2,"8":2,"9":1,"10":1,"11":5,"12":5,"13":2,"14":3,"15":4,"16":4,"17":2,"18":2,"19":4,"20":4,"21":3,"22":1,"23":5,"24":5,"25":3,"26":2,"27":3,"28":3,"29":1,"30":2},"f":{"0":2,"1":5,"2":4,"3":4,"4":5,"5":3},"b":{"0":[1,1],"1":[2,3],"2":[2,2],"3":[3,1],"4":[3,2],"5":[1,2]},"_coverageSchema":"332fd63041d2c1bcb487cc26dd0d5f7d97098a6c","hash":"6cc4dfb79e792531e02205a5639b93594af5d005"}
}
