TN:
SF:D:\JSLessons\lesson-testing\src\index.js
FNF:0
FNH:0
LF:0
LH:0
BRF:0
BRH:0
end_of_record
TN:
SF:D:\JSLessons\lesson-testing\src\math.js
FN:1,add
FNF:1
FNH:0
FNDA:0,add
DA:1,0
DA:2,0
LF:2
LH:0
BRF:0
BRH:0
end_of_record
TN:
SF:D:\JSLessons\lesson-testing\src\password.js
FN:40,isValidPassword
FN:40,isMoreThan10Symbols
FN:40,isIncludeHighRegister
FN:40,isIncludeLowRegister
FN:40,isIncludeNumber
FN:40,isIncludeSpecialNumber
FNF:6
FNH:6
FNDA:2,isValidPassword
FNDA:5,isMoreThan10Symbols
FNDA:4,isIncludeHighRegister
FNDA:4,isIncludeLowRegister
FNDA:5,isIncludeNumber
FNDA:3,isIncludeSpecialNumber
DA:1,2
DA:16,2
DA:22,2
DA:28,2
DA:34,2
DA:40,5
DA:41,3
DA:42,3
DA:43,2
LF:9
LH:9
BRDA:40,0,0,1
BRDA:40,0,1,1
BRDA:40,1,0,2
BRDA:40,1,1,3
BRDA:40,2,0,2
BRDA:40,2,1,2
BRDA:40,3,0,3
BRDA:40,3,1,1
BRDA:40,4,0,3
BRDA:40,4,1,2
BRDA:42,5,0,1
BRDA:42,5,1,2
BRF:12
BRH:12
end_of_record
